<?xml version="1.0" encoding="UTF-8"?>
<!-- Generated by org.testng.reporters.JUnitReportReporter -->
<testsuite hostname="DESKTOP-2k22" failures="0" tests="1" name="testCases.MyAccountTest" time="22.805" errors="0" timestamp="2022-02-12T22:51:31 IST" skipped="0">
  <testcase classname="testCases.MyAccountTest" name="verifyTabs" time="22.805"/>
  <system-out/>
</testsuite> <!-- testCases.MyAccountTest -->
