<?xml version="1.0" encoding="UTF-8"?>
<!-- Generated by org.testng.reporters.JUnitReportReporter -->
<testsuite hostname="DESKTOP-2K15" failures="0" tests="1" name="testCases.LoginPageTest" time="32.720" errors="0" timestamp="2022-01-08T00:10:21 IST" skipped="0">
  <testcase classname="testCases.LoginPageTest" name="launchSigninPage" time="32.720"/>
  <system-out/>
</testsuite> <!-- testCases.LoginPageTest -->
