<?xml version="1.0" encoding="UTF-8"?>
<!-- Generated by org.testng.reporters.JUnitReportReporter -->
<testsuite hostname="DESKTOP-2k22" failures="0" tests="1" name="testCases.IndexPageTest" time="23.751" errors="0" timestamp="2022-02-12T19:39:55 IST" skipped="0">
  <testcase classname="testCases.IndexPageTest" name="verifyProductSearch" time="23.751"/>
  <system-out/>
</testsuite> <!-- testCases.IndexPageTest -->
