<?xml version="1.0" encoding="UTF-8"?>
<!-- Generated by org.testng.reporters.JUnitReportReporter -->
<testsuite hostname="DESKTOP-2K15" failures="0" tests="1" name="testCases.IndexPageTest" time="18.997" errors="0" timestamp="2022-01-08T00:29:18 IST" skipped="0">
  <testcase classname="testCases.IndexPageTest" name="launchSigninPage" time="18.997"/>
  <system-out/>
</testsuite> <!-- testCases.IndexPageTest -->
