<?xml version="1.0" encoding="UTF-8"?>
<!-- Generated by org.testng.reporters.JUnitReportReporter -->
<testsuite hostname="DESKTOP-2k22" failures="0" tests="1" name="testCases.LoginPageTest" time="36.338" errors="0" timestamp="2022-02-12T19:39:10 IST" skipped="0">
  <testcase classname="testCases.LoginPageTest" name="verifySignin" time="36.338"/>
  <system-out/>
</testsuite> <!-- testCases.LoginPageTest -->
